running egg_info
writing ../../build/my_xbox_joystick/my_xbox_joystick.egg-info/PKG-INFO
writing dependency_links to ../../build/my_xbox_joystick/my_xbox_joystick.egg-info/dependency_links.txt
writing entry points to ../../build/my_xbox_joystick/my_xbox_joystick.egg-info/entry_points.txt
writing requirements to ../../build/my_xbox_joystick/my_xbox_joystick.egg-info/requires.txt
writing top-level names to ../../build/my_xbox_joystick/my_xbox_joystick.egg-info/top_level.txt
reading manifest file '../../build/my_xbox_joystick/my_xbox_joystick.egg-info/SOURCES.txt'
writing manifest file '../../build/my_xbox_joystick/my_xbox_joystick.egg-info/SOURCES.txt'
running build
running build_py
copying my_xbox_joystick/xbox_joystick_node.py -> /home/y/controller_ws/build/my_xbox_joystick/build/lib/my_xbox_joystick
running install
running install_lib
copying /home/y/controller_ws/build/my_xbox_joystick/build/lib/my_xbox_joystick/xbox_joystick_node.py -> /home/y/controller_ws/install/my_xbox_joystick/lib/python3.8/site-packages/my_xbox_joystick
byte-compiling /home/y/controller_ws/install/my_xbox_joystick/lib/python3.8/site-packages/my_xbox_joystick/xbox_joystick_node.py to xbox_joystick_node.cpython-38.pyc
running install_data
running install_egg_info
removing '/home/y/controller_ws/install/my_xbox_joystick/lib/python3.8/site-packages/my_xbox_joystick-0.0.0-py3.8.egg-info' (and everything under it)
Copying ../../build/my_xbox_joystick/my_xbox_joystick.egg-info to /home/y/controller_ws/install/my_xbox_joystick/lib/python3.8/site-packages/my_xbox_joystick-0.0.0-py3.8.egg-info
running install_scripts
Installing xbox_joystick script to /home/y/controller_ws/install/my_xbox_joystick/lib/my_xbox_joystick
writing list of installed files to '/home/y/controller_ws/build/my_xbox_joystick/install.log'
