[0.137s] DEBUG:colcon:Command line arguments: ['/usr/bin/colcon', 'build']
[0.137s] DEBUG:colcon:Parsed command line arguments: Namespace(allow_overriding=[], ament_cmake_args=None, base_paths=['.'], build_base='build', catkin_cmake_args=None, catkin_skip_building_tests=False, cmake_args=None, cmake_clean_cache=False, cmake_clean_first=False, cmake_force_configure=False, cmake_target=None, cmake_target_skip_unavailable=False, continue_on_error=False, event_handlers=None, executor='parallel', ignore_user_meta=False, install_base='install', log_base=None, log_level=None, main=<bound method BuildVerb.main of <colcon_core.verb.build.BuildVerb object at 0x7f76d7446fd0>>, merge_install=False, metas=['./colcon.meta'], mixin=None, mixin_files=None, mixin_verb=('build',), packages_above=None, packages_above_and_dependencies=None, packages_above_depth=None, packages_end=None, packages_ignore=None, packages_ignore_regex=None, packages_select=None, packages_select_build_failed=False, packages_select_by_dep=None, packages_select_regex=None, packages_select_test_failures=False, packages_skip=None, packages_skip_build_finished=False, packages_skip_by_dep=None, packages_skip_regex=None, packages_skip_test_passed=False, packages_skip_up_to=None, packages_start=None, packages_up_to=None, packages_up_to_regex=None, parallel_workers=2, paths=None, symlink_install=False, test_result_base=None, verb_extension=<colcon_core.verb.build.BuildVerb object at 0x7f76d7446fd0>, verb_name='build', verb_parser=<colcon_mixin.mixin.mixin_argument.MixinArgumentDecorator object at 0x7f76d7308940>)
[0.249s] Level 1:colcon.colcon_core.package_discovery:discover_packages(colcon_meta) check parameters
[0.249s] Level 1:colcon.colcon_core.package_discovery:discover_packages(recursive) check parameters
[0.249s] Level 1:colcon.colcon_core.package_discovery:discover_packages(ignore) check parameters
[0.249s] Level 1:colcon.colcon_core.package_discovery:discover_packages(path) check parameters
[0.249s] Level 1:colcon.colcon_core.package_discovery:discover_packages(colcon_meta) discover
[0.249s] Level 1:colcon.colcon_core.package_discovery:discover_packages(recursive) discover
[0.249s] INFO:colcon.colcon_core.package_discovery:Crawling recursively for packages in '/home/y/controller_ws'
[0.249s] Level 1:colcon.colcon_core.package_identification:_identify(.) by extensions ['ignore', 'ignore_ament_install']
[0.249s] Level 1:colcon.colcon_core.package_identification:_identify(.) by extension 'ignore'
[0.249s] Level 1:colcon.colcon_core.package_identification:_identify(.) by extension 'ignore_ament_install'
[0.249s] Level 1:colcon.colcon_core.package_identification:_identify(.) by extensions ['colcon_pkg']
[0.249s] Level 1:colcon.colcon_core.package_identification:_identify(.) by extension 'colcon_pkg'
[0.249s] Level 1:colcon.colcon_core.package_identification:_identify(.) by extensions ['colcon_meta']
[0.250s] Level 1:colcon.colcon_core.package_identification:_identify(.) by extension 'colcon_meta'
[0.250s] Level 1:colcon.colcon_core.package_identification:_identify(.) by extensions ['ros']
[0.250s] Level 1:colcon.colcon_core.package_identification:_identify(.) by extension 'ros'
[0.259s] Level 1:colcon.colcon_core.package_identification:_identify(.) by extensions ['cmake', 'python']
[0.259s] Level 1:colcon.colcon_core.package_identification:_identify(.) by extension 'cmake'
[0.259s] Level 1:colcon.colcon_core.package_identification:_identify(.) by extension 'python'
[0.259s] Level 1:colcon.colcon_core.package_identification:_identify(.) by extensions ['python_setup_py']
[0.259s] Level 1:colcon.colcon_core.package_identification:_identify(.) by extension 'python_setup_py'
[0.259s] Level 1:colcon.colcon_core.package_identification:_identify(build) by extensions ['ignore', 'ignore_ament_install']
[0.259s] Level 1:colcon.colcon_core.package_identification:_identify(build) by extension 'ignore'
[0.259s] Level 1:colcon.colcon_core.package_identification:_identify(build) ignored
[0.259s] Level 1:colcon.colcon_core.package_identification:_identify(install) by extensions ['ignore', 'ignore_ament_install']
[0.259s] Level 1:colcon.colcon_core.package_identification:_identify(install) by extension 'ignore'
[0.259s] Level 1:colcon.colcon_core.package_identification:_identify(install) ignored
[0.259s] Level 1:colcon.colcon_core.package_identification:_identify(log) by extensions ['ignore', 'ignore_ament_install']
[0.259s] Level 1:colcon.colcon_core.package_identification:_identify(log) by extension 'ignore'
[0.259s] Level 1:colcon.colcon_core.package_identification:_identify(log) ignored
[0.259s] Level 1:colcon.colcon_core.package_identification:_identify(src) by extensions ['ignore', 'ignore_ament_install']
[0.259s] Level 1:colcon.colcon_core.package_identification:_identify(src) by extension 'ignore'
[0.259s] Level 1:colcon.colcon_core.package_identification:_identify(src) by extension 'ignore_ament_install'
[0.259s] Level 1:colcon.colcon_core.package_identification:_identify(src) by extensions ['colcon_pkg']
[0.260s] Level 1:colcon.colcon_core.package_identification:_identify(src) by extension 'colcon_pkg'
[0.260s] Level 1:colcon.colcon_core.package_identification:_identify(src) by extensions ['colcon_meta']
[0.260s] Level 1:colcon.colcon_core.package_identification:_identify(src) by extension 'colcon_meta'
[0.260s] Level 1:colcon.colcon_core.package_identification:_identify(src) by extensions ['ros']
[0.260s] Level 1:colcon.colcon_core.package_identification:_identify(src) by extension 'ros'
[0.260s] Level 1:colcon.colcon_core.package_identification:_identify(src) by extensions ['cmake', 'python']
[0.260s] Level 1:colcon.colcon_core.package_identification:_identify(src) by extension 'cmake'
[0.260s] Level 1:colcon.colcon_core.package_identification:_identify(src) by extension 'python'
[0.260s] Level 1:colcon.colcon_core.package_identification:_identify(src) by extensions ['python_setup_py']
[0.260s] Level 1:colcon.colcon_core.package_identification:_identify(src) by extension 'python_setup_py'
[0.260s] Level 1:colcon.colcon_core.package_identification:_identify(src/launch_controller) by extensions ['ignore', 'ignore_ament_install']
[0.260s] Level 1:colcon.colcon_core.package_identification:_identify(src/launch_controller) by extension 'ignore'
[0.260s] Level 1:colcon.colcon_core.package_identification:_identify(src/launch_controller) by extension 'ignore_ament_install'
[0.260s] Level 1:colcon.colcon_core.package_identification:_identify(src/launch_controller) by extensions ['colcon_pkg']
[0.260s] Level 1:colcon.colcon_core.package_identification:_identify(src/launch_controller) by extension 'colcon_pkg'
[0.260s] Level 1:colcon.colcon_core.package_identification:_identify(src/launch_controller) by extensions ['colcon_meta']
[0.260s] Level 1:colcon.colcon_core.package_identification:_identify(src/launch_controller) by extension 'colcon_meta'
[0.260s] Level 1:colcon.colcon_core.package_identification:_identify(src/launch_controller) by extensions ['ros']
[0.260s] Level 1:colcon.colcon_core.package_identification:_identify(src/launch_controller) by extension 'ros'
[0.262s] DEBUG:colcon.colcon_core.package_identification:Package 'src/launch_controller' with type 'ros.ament_python' and name 'launch_controller'
[0.262s] Level 1:colcon.colcon_core.package_identification:_identify(src/my_xbox_joystick) by extensions ['ignore', 'ignore_ament_install']
[0.262s] Level 1:colcon.colcon_core.package_identification:_identify(src/my_xbox_joystick) by extension 'ignore'
[0.262s] Level 1:colcon.colcon_core.package_identification:_identify(src/my_xbox_joystick) by extension 'ignore_ament_install'
[0.262s] Level 1:colcon.colcon_core.package_identification:_identify(src/my_xbox_joystick) by extensions ['colcon_pkg']
[0.262s] Level 1:colcon.colcon_core.package_identification:_identify(src/my_xbox_joystick) by extension 'colcon_pkg'
[0.262s] Level 1:colcon.colcon_core.package_identification:_identify(src/my_xbox_joystick) by extensions ['colcon_meta']
[0.262s] Level 1:colcon.colcon_core.package_identification:_identify(src/my_xbox_joystick) by extension 'colcon_meta'
[0.262s] Level 1:colcon.colcon_core.package_identification:_identify(src/my_xbox_joystick) by extensions ['ros']
[0.262s] Level 1:colcon.colcon_core.package_identification:_identify(src/my_xbox_joystick) by extension 'ros'
[0.263s] DEBUG:colcon.colcon_core.package_identification:Package 'src/my_xbox_joystick' with type 'ros.ament_python' and name 'my_xbox_joystick'
[0.263s] Level 1:colcon.colcon_core.package_discovery:discover_packages(recursive) using defaults
[0.263s] Level 1:colcon.colcon_core.package_discovery:discover_packages(ignore) discover
[0.263s] Level 1:colcon.colcon_core.package_discovery:discover_packages(ignore) using defaults
[0.263s] Level 1:colcon.colcon_core.package_discovery:discover_packages(path) discover
[0.263s] Level 1:colcon.colcon_core.package_discovery:discover_packages(path) using defaults
[0.278s] Level 1:colcon.colcon_core.package_discovery:discover_packages(prefix_path) check parameters
[0.278s] Level 1:colcon.colcon_core.package_discovery:discover_packages(prefix_path) discover
[0.278s] WARNING:colcon.colcon_ros.prefix_path.ament:The path '/home/y/controller_ws/install/launch_controller' in the environment variable AMENT_PREFIX_PATH doesn't exist
[0.279s] WARNING:colcon.colcon_ros.prefix_path.ament:The path '/home/y/controller_ws/install/my_xbox_joystick' in the environment variable AMENT_PREFIX_PATH doesn't exist
[0.279s] WARNING:colcon.colcon_ros.prefix_path.ament:The path '/home/y/controller_ws/install/launch' in the environment variable AMENT_PREFIX_PATH doesn't exist
[0.279s] DEBUG:colcon.colcon_installed_package_information.package_discovery:Found 0 installed packages in /home/y/controller_ws/install
[0.280s] DEBUG:colcon.colcon_installed_package_information.package_discovery:Found 1 installed packages in /home/y/oradar_ros/install
[0.281s] DEBUG:colcon.colcon_installed_package_information.package_discovery:Found 326 installed packages in /opt/ros/foxy
[0.294s] Level 1:colcon.colcon_core.package_discovery:discover_packages(prefix_path) using defaults
[0.349s] Level 5:colcon.colcon_core.verb:set package 'launch_controller' build argument 'cmake_args' from command line to 'None'
[0.349s] Level 5:colcon.colcon_core.verb:set package 'launch_controller' build argument 'cmake_target' from command line to 'None'
[0.349s] Level 5:colcon.colcon_core.verb:set package 'launch_controller' build argument 'cmake_target_skip_unavailable' from command line to 'False'
[0.349s] Level 5:colcon.colcon_core.verb:set package 'launch_controller' build argument 'cmake_clean_cache' from command line to 'False'
[0.349s] Level 5:colcon.colcon_core.verb:set package 'launch_controller' build argument 'cmake_clean_first' from command line to 'False'
[0.349s] Level 5:colcon.colcon_core.verb:set package 'launch_controller' build argument 'cmake_force_configure' from command line to 'False'
[0.349s] Level 5:colcon.colcon_core.verb:set package 'launch_controller' build argument 'ament_cmake_args' from command line to 'None'
[0.349s] Level 5:colcon.colcon_core.verb:set package 'launch_controller' build argument 'catkin_cmake_args' from command line to 'None'
[0.349s] Level 5:colcon.colcon_core.verb:set package 'launch_controller' build argument 'catkin_skip_building_tests' from command line to 'False'
[0.349s] DEBUG:colcon.colcon_core.verb:Building package 'launch_controller' with the following arguments: {'ament_cmake_args': None, 'build_base': '/home/y/controller_ws/build/launch_controller', 'catkin_cmake_args': None, 'catkin_skip_building_tests': False, 'cmake_args': None, 'cmake_clean_cache': False, 'cmake_clean_first': False, 'cmake_force_configure': False, 'cmake_target': None, 'cmake_target_skip_unavailable': False, 'install_base': '/home/y/controller_ws/install/launch_controller', 'merge_install': False, 'path': '/home/y/controller_ws/src/launch_controller', 'symlink_install': False, 'test_result_base': None}
[0.350s] Level 5:colcon.colcon_core.verb:set package 'my_xbox_joystick' build argument 'cmake_args' from command line to 'None'
[0.350s] Level 5:colcon.colcon_core.verb:set package 'my_xbox_joystick' build argument 'cmake_target' from command line to 'None'
[0.350s] Level 5:colcon.colcon_core.verb:set package 'my_xbox_joystick' build argument 'cmake_target_skip_unavailable' from command line to 'False'
[0.350s] Level 5:colcon.colcon_core.verb:set package 'my_xbox_joystick' build argument 'cmake_clean_cache' from command line to 'False'
[0.350s] Level 5:colcon.colcon_core.verb:set package 'my_xbox_joystick' build argument 'cmake_clean_first' from command line to 'False'
[0.350s] Level 5:colcon.colcon_core.verb:set package 'my_xbox_joystick' build argument 'cmake_force_configure' from command line to 'False'
[0.350s] Level 5:colcon.colcon_core.verb:set package 'my_xbox_joystick' build argument 'ament_cmake_args' from command line to 'None'
[0.350s] Level 5:colcon.colcon_core.verb:set package 'my_xbox_joystick' build argument 'catkin_cmake_args' from command line to 'None'
[0.350s] Level 5:colcon.colcon_core.verb:set package 'my_xbox_joystick' build argument 'catkin_skip_building_tests' from command line to 'False'
[0.350s] DEBUG:colcon.colcon_core.verb:Building package 'my_xbox_joystick' with the following arguments: {'ament_cmake_args': None, 'build_base': '/home/y/controller_ws/build/my_xbox_joystick', 'catkin_cmake_args': None, 'catkin_skip_building_tests': False, 'cmake_args': None, 'cmake_clean_cache': False, 'cmake_clean_first': False, 'cmake_force_configure': False, 'cmake_target': None, 'cmake_target_skip_unavailable': False, 'install_base': '/home/y/controller_ws/install/my_xbox_joystick', 'merge_install': False, 'path': '/home/y/controller_ws/src/my_xbox_joystick', 'symlink_install': False, 'test_result_base': None}
[0.350s] INFO:colcon.colcon_core.executor:Executing jobs using 'parallel' executor
[0.351s] DEBUG:colcon.colcon_parallel_executor.executor.parallel:run_until_complete
[0.351s] INFO:colcon.colcon_ros.task.ament_python.build:Building ROS package in '/home/y/controller_ws/src/launch_controller' with build type 'ament_python'
[0.351s] Level 1:colcon.colcon_core.shell:create_environment_hook('launch_controller', 'ament_prefix_path')
[0.353s] INFO:colcon.colcon_core.plugin_system:Skipping extension 'colcon_core.shell.bat': Not used on non-Windows systems
[0.353s] INFO:colcon.colcon_core.shell:Creating environment hook '/home/y/controller_ws/install/launch_controller/share/launch_controller/hook/ament_prefix_path.ps1'
[0.353s] INFO:colcon.colcon_core.shell:Creating environment descriptor '/home/y/controller_ws/install/launch_controller/share/launch_controller/hook/ament_prefix_path.dsv'
[0.354s] INFO:colcon.colcon_core.shell:Creating environment hook '/home/y/controller_ws/install/launch_controller/share/launch_controller/hook/ament_prefix_path.sh'
[0.354s] INFO:colcon.colcon_core.shell:Skip shell extension 'powershell' for command environment: Not usable outside of PowerShell
[0.354s] DEBUG:colcon.colcon_core.shell:Skip shell extension 'dsv' for command environment
[0.359s] INFO:colcon.colcon_ros.task.ament_python.build:Building ROS package in '/home/y/controller_ws/src/my_xbox_joystick' with build type 'ament_python'
[0.359s] Level 1:colcon.colcon_core.shell:create_environment_hook('my_xbox_joystick', 'ament_prefix_path')
[0.359s] INFO:colcon.colcon_core.shell:Creating environment hook '/home/y/controller_ws/install/my_xbox_joystick/share/my_xbox_joystick/hook/ament_prefix_path.ps1'
[0.360s] INFO:colcon.colcon_core.shell:Creating environment descriptor '/home/y/controller_ws/install/my_xbox_joystick/share/my_xbox_joystick/hook/ament_prefix_path.dsv'
[0.360s] INFO:colcon.colcon_core.shell:Creating environment hook '/home/y/controller_ws/install/my_xbox_joystick/share/my_xbox_joystick/hook/ament_prefix_path.sh'
[0.360s] INFO:colcon.colcon_core.shell:Skip shell extension 'powershell' for command environment: Not usable outside of PowerShell
[0.360s] DEBUG:colcon.colcon_core.shell:Skip shell extension 'dsv' for command environment
[0.530s] INFO:colcon.colcon_core.task.python.build:Building Python package in '/home/y/controller_ws/src/launch_controller'
[0.531s] INFO:colcon.colcon_core.shell:Skip shell extension 'powershell' for command environment: Not usable outside of PowerShell
[0.531s] DEBUG:colcon.colcon_core.shell:Skip shell extension 'dsv' for command environment
[0.689s] INFO:colcon.colcon_core.task.python.build:Building Python package in '/home/y/controller_ws/src/my_xbox_joystick'
[0.690s] INFO:colcon.colcon_core.shell:Skip shell extension 'powershell' for command environment: Not usable outside of PowerShell
[0.690s] DEBUG:colcon.colcon_core.shell:Skip shell extension 'dsv' for command environment
[0.983s] DEBUG:colcon.colcon_core.event_handler.log_command:Invoking command in '/home/y/controller_ws/src/launch_controller': PYTHONPATH=/home/y/controller_ws/build/launch_controller/prefix_override:/usr/lib/python3/dist-packages/colcon_core/task/python/colcon_distutils_commands:/home/y/controller_ws/install/launch_controller/lib/python3.8/site-packages:${PYTHONPATH} /usr/bin/python3 -W ignore:setup.py install is deprecated -W ignore:easy_install command is deprecated setup.py egg_info --egg-base ../../build/launch_controller build --build-base /home/y/controller_ws/build/launch_controller/build install --record /home/y/controller_ws/build/launch_controller/install.log --install-scripts $base/lib/launch --single-version-externally-managed install_data
[1.003s] DEBUG:colcon.colcon_core.event_handler.log_command:Invoking command in '/home/y/controller_ws/src/my_xbox_joystick': PYTHONPATH=/home/y/controller_ws/build/my_xbox_joystick/prefix_override:/usr/lib/python3/dist-packages/colcon_core/task/python/colcon_distutils_commands:/home/y/controller_ws/install/my_xbox_joystick/lib/python3.8/site-packages:${PYTHONPATH} /usr/bin/python3 -W ignore:setup.py install is deprecated -W ignore:easy_install command is deprecated setup.py egg_info --egg-base ../../build/my_xbox_joystick build --build-base /home/y/controller_ws/build/my_xbox_joystick/build install --record /home/y/controller_ws/build/my_xbox_joystick/install.log --install-scripts $base/lib/my_xbox_joystick --single-version-externally-managed install_data
[1.226s] Level 1:colcon.colcon_core.environment:checking '/home/y/controller_ws/install/launch_controller' for CMake module files
[1.227s] Level 1:colcon.colcon_core.environment:checking '/home/y/controller_ws/install/launch_controller' for CMake config files
[1.227s] Level 1:colcon.colcon_core.environment:checking '/home/y/controller_ws/install/launch_controller/lib'
[1.227s] Level 1:colcon.colcon_core.environment:checking '/home/y/controller_ws/install/launch_controller/bin'
[1.228s] Level 1:colcon.colcon_core.environment:checking '/home/y/controller_ws/install/launch_controller/lib/pkgconfig/launch_controller.pc'
[1.228s] Level 1:colcon.colcon_core.environment:checking '/home/y/controller_ws/install/launch_controller/lib/python3.8/site-packages'
[1.228s] Level 1:colcon.colcon_core.shell:create_environment_hook('launch_controller', 'pythonpath')
[1.228s] INFO:colcon.colcon_core.shell:Creating environment hook '/home/y/controller_ws/install/launch_controller/share/launch_controller/hook/pythonpath.ps1'
[1.228s] INFO:colcon.colcon_core.shell:Creating environment descriptor '/home/y/controller_ws/install/launch_controller/share/launch_controller/hook/pythonpath.dsv'
[1.229s] INFO:colcon.colcon_core.shell:Creating environment hook '/home/y/controller_ws/install/launch_controller/share/launch_controller/hook/pythonpath.sh'
[1.229s] Level 1:colcon.colcon_core.environment:checking '/home/y/controller_ws/install/launch_controller/bin'
[1.229s] Level 1:colcon.colcon_core.environment:create_environment_scripts_only(launch_controller)
[1.229s] INFO:colcon.colcon_core.shell:Creating package script '/home/y/controller_ws/install/launch_controller/share/launch_controller/package.ps1'
[1.230s] INFO:colcon.colcon_core.shell:Creating package descriptor '/home/y/controller_ws/install/launch_controller/share/launch_controller/package.dsv'
[1.230s] INFO:colcon.colcon_core.shell:Creating package script '/home/y/controller_ws/install/launch_controller/share/launch_controller/package.sh'
[1.231s] INFO:colcon.colcon_core.shell:Creating package script '/home/y/controller_ws/install/launch_controller/share/launch_controller/package.bash'
[1.232s] DEBUG:colcon.colcon_core.event_handler.log_command:Invoked command in '/home/y/controller_ws/src/launch_controller' returned '0': PYTHONPATH=/home/y/controller_ws/build/launch_controller/prefix_override:/usr/lib/python3/dist-packages/colcon_core/task/python/colcon_distutils_commands:/home/y/controller_ws/install/launch_controller/lib/python3.8/site-packages:${PYTHONPATH} /usr/bin/python3 -W ignore:setup.py install is deprecated -W ignore:easy_install command is deprecated setup.py egg_info --egg-base ../../build/launch_controller build --build-base /home/y/controller_ws/build/launch_controller/build install --record /home/y/controller_ws/build/launch_controller/install.log --install-scripts $base/lib/launch --single-version-externally-managed install_data
[1.232s] INFO:colcon.colcon_core.shell:Creating package script '/home/y/controller_ws/install/launch_controller/share/launch_controller/package.zsh'
[1.233s] Level 1:colcon.colcon_core.environment:create_file_with_runtime_dependencies(/home/y/controller_ws/install/launch_controller/share/colcon-core/packages/launch_controller)
[1.234s] Level 1:colcon.colcon_core.environment:checking '/home/y/controller_ws/install/my_xbox_joystick' for CMake module files
[1.235s] Level 1:colcon.colcon_core.environment:checking '/home/y/controller_ws/install/my_xbox_joystick' for CMake config files
[1.235s] DEBUG:colcon.colcon_core.event_handler.log_command:Invoked command in '/home/y/controller_ws/src/my_xbox_joystick' returned '0': PYTHONPATH=/home/y/controller_ws/build/my_xbox_joystick/prefix_override:/usr/lib/python3/dist-packages/colcon_core/task/python/colcon_distutils_commands:/home/y/controller_ws/install/my_xbox_joystick/lib/python3.8/site-packages:${PYTHONPATH} /usr/bin/python3 -W ignore:setup.py install is deprecated -W ignore:easy_install command is deprecated setup.py egg_info --egg-base ../../build/my_xbox_joystick build --build-base /home/y/controller_ws/build/my_xbox_joystick/build install --record /home/y/controller_ws/build/my_xbox_joystick/install.log --install-scripts $base/lib/my_xbox_joystick --single-version-externally-managed install_data
[1.235s] Level 1:colcon.colcon_core.environment:checking '/home/y/controller_ws/install/my_xbox_joystick/lib'
[1.236s] Level 1:colcon.colcon_core.environment:checking '/home/y/controller_ws/install/my_xbox_joystick/bin'
[1.236s] Level 1:colcon.colcon_core.environment:checking '/home/y/controller_ws/install/my_xbox_joystick/lib/pkgconfig/my_xbox_joystick.pc'
[1.236s] Level 1:colcon.colcon_core.environment:checking '/home/y/controller_ws/install/my_xbox_joystick/lib/python3.8/site-packages'
[1.236s] Level 1:colcon.colcon_core.shell:create_environment_hook('my_xbox_joystick', 'pythonpath')
[1.236s] INFO:colcon.colcon_core.shell:Creating environment hook '/home/y/controller_ws/install/my_xbox_joystick/share/my_xbox_joystick/hook/pythonpath.ps1'
[1.236s] INFO:colcon.colcon_core.shell:Creating environment descriptor '/home/y/controller_ws/install/my_xbox_joystick/share/my_xbox_joystick/hook/pythonpath.dsv'
[1.236s] INFO:colcon.colcon_core.shell:Creating environment hook '/home/y/controller_ws/install/my_xbox_joystick/share/my_xbox_joystick/hook/pythonpath.sh'
[1.237s] Level 1:colcon.colcon_core.environment:checking '/home/y/controller_ws/install/my_xbox_joystick/bin'
[1.237s] Level 1:colcon.colcon_core.environment:create_environment_scripts_only(my_xbox_joystick)
[1.237s] INFO:colcon.colcon_core.shell:Creating package script '/home/y/controller_ws/install/my_xbox_joystick/share/my_xbox_joystick/package.ps1'
[1.237s] INFO:colcon.colcon_core.shell:Creating package descriptor '/home/y/controller_ws/install/my_xbox_joystick/share/my_xbox_joystick/package.dsv'
[1.238s] INFO:colcon.colcon_core.shell:Creating package script '/home/y/controller_ws/install/my_xbox_joystick/share/my_xbox_joystick/package.sh'
[1.238s] INFO:colcon.colcon_core.shell:Creating package script '/home/y/controller_ws/install/my_xbox_joystick/share/my_xbox_joystick/package.bash'
[1.238s] INFO:colcon.colcon_core.shell:Creating package script '/home/y/controller_ws/install/my_xbox_joystick/share/my_xbox_joystick/package.zsh'
[1.238s] Level 1:colcon.colcon_core.environment:create_file_with_runtime_dependencies(/home/y/controller_ws/install/my_xbox_joystick/share/colcon-core/packages/my_xbox_joystick)
[1.239s] DEBUG:colcon.colcon_parallel_executor.executor.parallel:closing loop
[1.239s] DEBUG:colcon.colcon_parallel_executor.executor.parallel:loop closed
[1.239s] DEBUG:colcon.colcon_parallel_executor.executor.parallel:run_until_complete finished with '0'
[1.239s] DEBUG:colcon.colcon_core.event_reactor:joining thread
[1.243s] INFO:colcon.colcon_core.plugin_system:Skipping extension 'colcon_notification.desktop_notification.terminal_notifier': Not used on non-Darwin systems
[1.244s] INFO:colcon.colcon_core.plugin_system:Skipping extension 'colcon_notification.desktop_notification.win32': Not used on non-Windows systems
[1.244s] INFO:colcon.colcon_notification.desktop_notification:Sending desktop notification using 'notify2'
[1.260s] DEBUG:colcon.colcon_core.event_reactor:joined thread
[1.260s] INFO:colcon.colcon_core.shell:Creating prefix script '/home/y/controller_ws/install/local_setup.ps1'
[1.261s] INFO:colcon.colcon_core.shell:Creating prefix util module '/home/y/controller_ws/install/_local_setup_util_ps1.py'
[1.262s] INFO:colcon.colcon_core.shell:Creating prefix chain script '/home/y/controller_ws/install/setup.ps1'
[1.263s] INFO:colcon.colcon_core.shell:Creating prefix script '/home/y/controller_ws/install/local_setup.sh'
[1.263s] INFO:colcon.colcon_core.shell:Creating prefix util module '/home/y/controller_ws/install/_local_setup_util_sh.py'
[1.263s] INFO:colcon.colcon_core.shell:Creating prefix chain script '/home/y/controller_ws/install/setup.sh'
[1.266s] INFO:colcon.colcon_core.shell:Creating prefix script '/home/y/controller_ws/install/local_setup.bash'
[1.267s] INFO:colcon.colcon_core.shell:Creating prefix chain script '/home/y/controller_ws/install/setup.bash'
[1.268s] INFO:colcon.colcon_core.shell:Creating prefix script '/home/y/controller_ws/install/local_setup.zsh'
[1.268s] INFO:colcon.colcon_core.shell:Creating prefix chain script '/home/y/controller_ws/install/setup.zsh'
